{"name":"Log","hostname":"c1e64106e19d","pid":1,"level":30,"version":"5.84.2","msg":"Ghost is running in production...","time":"2024-06-30T07:36:04.078Z","v":0}
{"name":"Log","hostname":"c1e64106e19d","pid":1,"level":30,"version":"5.84.2","msg":"Your site is now available on http://localhost:2368/","time":"2024-06-30T07:36:04.080Z","v":0}
{"name":"Log","hostname":"c1e64106e19d","pid":1,"level":30,"version":"5.84.2","msg":"Ctrl+C to shut down","time":"2024-06-30T07:36:04.081Z","v":0}
{"name":"Log","hostname":"c1e64106e19d","pid":1,"level":30,"version":"5.84.2","msg":"Ghost server started in 2.712s","time":"2024-06-30T07:36:04.082Z","v":0}
{"name":"Log","hostname":"c1e64106e19d","pid":1,"level":30,"version":"5.84.2","msg":"Database is in a ready state.","time":"2024-06-30T07:36:04.587Z","v":0}
{"name":"Log","hostname":"c1e64106e19d","pid":1,"level":30,"version":"5.84.2","msg":"Ghost database ready in 3.234s","time":"2024-06-30T07:36:04.603Z","v":0}
{"name":"Log","hostname":"c1e64106e19d","pid":1,"level":40,"version":"5.84.2","msg":"Missing mail.from config, falling back to a generated email address. Please update your config file and set a valid from address","time":"2024-06-30T07:36:05.372Z","v":0}
{"name":"Log","hostname":"c1e64106e19d","pid":1,"level":40,"version":"5.84.2","msg":"Theme translations file locales/en, zh-TW, ja.json not found.","time":"2024-06-30T07:36:07.212Z","v":0}
{"name":"Log","hostname":"c1e64106e19d","pid":1,"level":40,"version":"5.84.2","msg":"Theme translations falling back to locales/en.json.","time":"2024-06-30T07:36:07.213Z","v":0}
{"name":"Log","hostname":"c1e64106e19d","pid":1,"level":30,"version":"5.84.2","msg":"Adding offloaded job to the queue","time":"2024-06-30T07:36:10.384Z","v":0}
{"name":"Log","hostname":"c1e64106e19d","pid":1,"level":30,"version":"5.84.2","msg":"Scheduling job mentions-email-report at 4 55 * * * *. Next run on: Sun Jun 30 2024 07:55:04 GMT+0000 (Coordinated Universal Time)","time":"2024-06-30T07:36:10.401Z","v":0}
{"name":"Log","hostname":"c1e64106e19d","pid":1,"level":30,"version":"5.84.2","msg":"Ghost URL Service Ready in 11.219s","time":"2024-06-30T07:36:12.589Z","v":0}
{"name":"Log","hostname":"c1e64106e19d","pid":1,"level":30,"version":"5.84.2","msg":"Adding offloaded job to the queue","time":"2024-06-30T07:36:12.611Z","v":0}
{"name":"Log","hostname":"c1e64106e19d","pid":1,"level":30,"version":"5.84.2","msg":"Scheduling job clean-expired-comped at 16 41 1 * * *. Next run on: Mon Jul 01 2024 01:41:16 GMT+0000 (Coordinated Universal Time)","time":"2024-06-30T07:36:12.615Z","v":0}
{"name":"Log","hostname":"c1e64106e19d","pid":1,"level":30,"version":"5.84.2","msg":"Adding offloaded job to the queue","time":"2024-06-30T07:36:12.627Z","v":0}
{"name":"Log","hostname":"c1e64106e19d","pid":1,"level":30,"version":"5.84.2","msg":"Scheduling job clean-tokens at 21 49 2 * * *. Next run on: Mon Jul 01 2024 02:49:21 GMT+0000 (Coordinated Universal Time)","time":"2024-06-30T07:36:12.633Z","v":0}
{"name":"Log","hostname":"c1e64106e19d","pid":1,"level":30,"version":"5.84.2","msg":"Ghost booted in 11.336s","time":"2024-06-30T07:36:12.706Z","v":0}
{"name":"Log","hostname":"c1e64106e19d","pid":1,"level":30,"version":"5.84.2","msg":"Adding offloaded job to the queue","time":"2024-06-30T07:36:12.716Z","v":0}
{"name":"Log","hostname":"c1e64106e19d","pid":1,"level":30,"version":"5.84.2","msg":"Scheduling job update-check at 28 58 9 * * *. Next run on: Sun Jun 30 2024 09:58:28 GMT+0000 (Coordinated Universal Time)","time":"2024-06-30T07:36:12.720Z","v":0}
{"name":"Log","hostname":"c1e64106e19d","pid":1,"level":30,"version":"5.84.2","msg":"Running milestone emails job on Tue Jul 02 2024 07:36:12 GMT+0000 (Coordinated Universal Time)","time":"2024-06-30T07:36:12.732Z","v":0}
{"name":"Log","hostname":"c1e64106e19d","pid":1,"level":30,"version":"5.84.2","msg":"Updating incoming recommendations on boot","time":"2024-06-30T07:38:06.485Z","v":0}
{"name":"Log","hostname":"c1e64106e19d","pid":1,"level":30,"version":"5.84.2","msg":"[Recommendations] Updating recommendations metadata","time":"2024-06-30T07:42:35.463Z","v":0}
{"name":"Log","hostname":"c1e64106e19d","pid":1,"level":30,"version":"5.84.2","worker":{"resourceLimits":{"maxYoungGenerationSizeMb":48,"maxOldGenerationSizeMb":2048,"codeRangeSizeMb":0,"stackSizeMb":4},"threadId":1},"msg":"Worker for job \"mentions-email-report\" online","time":"2024-06-30T07:55:03.703Z","v":0}
{"name":"Log","hostname":"c1e64106e19d","pid":1,"level":30,"version":"5.84.2","msg":"Worker for job mentions-email-report sent a message: done","time":"2024-06-30T07:55:03.724Z","v":0}
{"name":"Log","hostname":"c1e64106e19d","pid":1,"level":30,"version":"5.84.2","worker":{"resourceLimits":{"maxYoungGenerationSizeMb":48,"maxOldGenerationSizeMb":2048,"codeRangeSizeMb":0,"stackSizeMb":4},"threadId":2},"msg":"Worker for job \"mentions-email-report\" online","time":"2024-06-30T07:55:04.682Z","v":0}
{"name":"Log","hostname":"c1e64106e19d","pid":1,"level":30,"version":"5.84.2","msg":"Worker for job mentions-email-report sent a message: done","time":"2024-06-30T07:55:04.700Z","v":0}
{"name":"Log","hostname":"c1e64106e19d","pid":1,"level":30,"version":"5.84.2","worker":{"resourceLimits":{"maxYoungGenerationSizeMb":48,"maxOldGenerationSizeMb":2048,"codeRangeSizeMb":0,"stackSizeMb":4},"threadId":3},"msg":"Worker for job \"mentions-email-report\" online","time":"2024-06-30T08:58:41.649Z","v":0}
{"name":"Log","hostname":"c1e64106e19d","pid":1,"level":30,"version":"5.84.2","msg":"Worker for job mentions-email-report sent a message: done","time":"2024-06-30T08:58:41.661Z","v":0}
{"name":"Log","hostname":"c1e64106e19d","pid":1,"level":30,"version":"5.84.2","worker":{"resourceLimits":{"maxYoungGenerationSizeMb":48,"maxOldGenerationSizeMb":2048,"codeRangeSizeMb":0,"stackSizeMb":4},"threadId":4},"msg":"Worker for job \"mentions-email-report\" online","time":"2024-06-30T09:58:49.323Z","v":0}
{"name":"Log","hostname":"c1e64106e19d","pid":1,"level":30,"version":"5.84.2","msg":"Worker for job mentions-email-report sent a message: done","time":"2024-06-30T09:58:49.337Z","v":0}
{"name":"Log","hostname":"c1e64106e19d","pid":1,"level":30,"version":"5.84.2","worker":{"resourceLimits":{"maxYoungGenerationSizeMb":48,"maxOldGenerationSizeMb":2048,"codeRangeSizeMb":0,"stackSizeMb":4},"threadId":5},"msg":"Worker for job \"update-check\" online","time":"2024-06-30T09:58:50.097Z","v":0}
{"name":"Log","hostname":"c1e64106e19d","pid":1,"level":30,"version":"5.84.2","msg":"Worker for job update-check sent a message: Missing mail.from config, falling back to a generated email address. Please update your config file and set a valid from address","time":"2024-06-30T09:58:52.914Z","v":0}
{"name":"Log","hostname":"c1e64106e19d","pid":1,"level":30,"version":"5.84.2","msg":"Worker for job update-check sent a message: cacheableLookup ENOTFOUND updates.ghost.org","time":"2024-06-30T09:58:54.330Z","v":0}
{"name":"Log","hostname":"c1e64106e19d","pid":1,"level":30,"version":"5.84.2","msg":"Capturing error for worker during execution of job: update-check","time":"2024-06-30T09:58:54.500Z","v":0}
{"name":"Log","hostname":"c1e64106e19d","pid":1,"level":50,"version":"5.84.2","err":{"domain":"http://localhost:2368","message":"cacheableLookup ENOTFOUND updates.ghost.org","stack":"RequestError: cacheableLookup ENOTFOUND updates.ghost.org\n    at ClientRequest.<anonymous> (file:///var/lib/ghost/versions/5.84.2/node_modules/@tryghost/request/node_modules/got/dist/source/core/index.js:792:107)\n    at Object.onceWrapper (node:events:632:26)\n    at ClientRequest.emit (node:events:529:35)\n    at TLSSocket.socketErrorListener (node:_http_client:501:9)\n    at TLSSocket.emit (node:events:517:28)\n    at emitErrorNT (node:internal/streams/destroy:151:8)\n    at emitErrorCloseNT (node:internal/streams/destroy:116:3)\n    at process.processTicksAndRejections (node:internal/process/task_queues:82:21)\n    at CacheableLookup.lookupAsync (file:///var/lib/ghost/versions/5.84.2/node_modules/cacheable-lookup/source/index.js:202:18)"},"msg":"cacheableLookup ENOTFOUND updates.ghost.org","time":"2024-06-30T09:58:54.506Z","v":0}
{"name":"Log","hostname":"c1e64106e19d","pid":1,"level":30,"version":"5.84.2","msg":"Capturing error for worker during execution of job: update-check","time":"2024-06-30T09:58:54.531Z","v":0}
{"name":"Log","hostname":"c1e64106e19d","pid":1,"level":50,"version":"5.84.2","err":{"domain":"http://localhost:2368","message":"Worker for job \"update-check\" exited with code 1","stack":"Error: Worker for job \"update-check\" exited with code 1\n    at Worker.<anonymous> (/var/lib/ghost/versions/5.84.2/node_modules/bree/lib/index.js:419:40)\n    at Worker.emit (node:events:517:28)\n    at Worker.emit (node:domain:489:12)\n    at [kOnExit] (node:internal/worker:303:10)\n    at Worker.<computed>.onexit (node:internal/worker:222:20)"},"msg":"Worker for job \"update-check\" exited with code 1","time":"2024-06-30T09:58:54.535Z","v":0}
{"name":"Log","hostname":"c1e64106e19d","pid":1,"level":30,"version":"5.84.2","worker":{"resourceLimits":{"maxYoungGenerationSizeMb":48,"maxOldGenerationSizeMb":2048,"codeRangeSizeMb":0,"stackSizeMb":4},"threadId":6},"msg":"Worker for job \"mentions-email-report\" online","time":"2024-06-30T10:55:01.966Z","v":0}
{"name":"Log","hostname":"c1e64106e19d","pid":1,"level":30,"version":"5.84.2","msg":"Worker for job mentions-email-report sent a message: done","time":"2024-06-30T10:55:01.973Z","v":0}
{"name":"Log","hostname":"c1e64106e19d","pid":1,"level":30,"version":"5.84.2","worker":{"resourceLimits":{"maxYoungGenerationSizeMb":48,"maxOldGenerationSizeMb":2048,"codeRangeSizeMb":0,"stackSizeMb":4},"threadId":7},"msg":"Worker for job \"mentions-email-report\" online","time":"2024-06-30T10:55:04.976Z","v":0}
{"name":"Log","hostname":"c1e64106e19d","pid":1,"level":30,"version":"5.84.2","msg":"Worker for job mentions-email-report sent a message: done","time":"2024-06-30T10:55:04.985Z","v":0}
{"name":"Log","hostname":"c1e64106e19d","pid":1,"level":30,"version":"5.84.2","worker":{"resourceLimits":{"maxYoungGenerationSizeMb":48,"maxOldGenerationSizeMb":2048,"codeRangeSizeMb":0,"stackSizeMb":4},"threadId":8},"msg":"Worker for job \"mentions-email-report\" online","time":"2024-06-30T11:55:02.313Z","v":0}
{"name":"Log","hostname":"c1e64106e19d","pid":1,"level":30,"version":"5.84.2","msg":"Worker for job mentions-email-report sent a message: done","time":"2024-06-30T11:55:02.320Z","v":0}
{"name":"Log","hostname":"c1e64106e19d","pid":1,"level":30,"version":"5.84.2","worker":{"resourceLimits":{"maxYoungGenerationSizeMb":48,"maxOldGenerationSizeMb":2048,"codeRangeSizeMb":0,"stackSizeMb":4},"threadId":9},"msg":"Worker for job \"mentions-email-report\" online","time":"2024-06-30T11:55:04.333Z","v":0}
{"name":"Log","hostname":"c1e64106e19d","pid":1,"level":30,"version":"5.84.2","msg":"Worker for job mentions-email-report sent a message: done","time":"2024-06-30T11:55:04.342Z","v":0}
{"name":"Log","hostname":"c1e64106e19d","pid":1,"level":30,"version":"5.84.2","worker":{"resourceLimits":{"maxYoungGenerationSizeMb":48,"maxOldGenerationSizeMb":2048,"codeRangeSizeMb":0,"stackSizeMb":4},"threadId":10},"msg":"Worker for job \"mentions-email-report\" online","time":"2024-06-30T12:55:01.762Z","v":0}
{"name":"Log","hostname":"c1e64106e19d","pid":1,"level":30,"version":"5.84.2","msg":"Worker for job mentions-email-report sent a message: done","time":"2024-06-30T12:55:01.773Z","v":0}
{"name":"Log","hostname":"c1e64106e19d","pid":1,"level":30,"version":"5.84.2","worker":{"resourceLimits":{"maxYoungGenerationSizeMb":48,"maxOldGenerationSizeMb":2048,"codeRangeSizeMb":0,"stackSizeMb":4},"threadId":11},"msg":"Worker for job \"mentions-email-report\" online","time":"2024-06-30T12:55:04.750Z","v":0}
{"name":"Log","hostname":"c1e64106e19d","pid":1,"level":30,"version":"5.84.2","msg":"Worker for job mentions-email-report sent a message: done","time":"2024-06-30T12:55:04.759Z","v":0}
{"name":"Log","hostname":"c1e64106e19d","pid":1,"level":30,"version":"5.84.2","worker":{"resourceLimits":{"maxYoungGenerationSizeMb":48,"maxOldGenerationSizeMb":2048,"codeRangeSizeMb":0,"stackSizeMb":4},"threadId":12},"msg":"Worker for job \"mentions-email-report\" online","time":"2024-06-30T13:55:01.999Z","v":0}
{"name":"Log","hostname":"c1e64106e19d","pid":1,"level":30,"version":"5.84.2","msg":"Worker for job mentions-email-report sent a message: done","time":"2024-06-30T13:55:02.006Z","v":0}
{"name":"Log","hostname":"c1e64106e19d","pid":1,"level":30,"version":"5.84.2","worker":{"resourceLimits":{"maxYoungGenerationSizeMb":48,"maxOldGenerationSizeMb":2048,"codeRangeSizeMb":0,"stackSizeMb":4},"threadId":13},"msg":"Worker for job \"mentions-email-report\" online","time":"2024-06-30T13:55:04.967Z","v":0}
{"name":"Log","hostname":"c1e64106e19d","pid":1,"level":30,"version":"5.84.2","msg":"Worker for job mentions-email-report sent a message: done","time":"2024-06-30T13:55:04.974Z","v":0}
{"name":"Log","hostname":"c1e64106e19d","pid":1,"level":30,"version":"5.84.2","worker":{"resourceLimits":{"maxYoungGenerationSizeMb":48,"maxOldGenerationSizeMb":2048,"codeRangeSizeMb":0,"stackSizeMb":4},"threadId":14},"msg":"Worker for job \"mentions-email-report\" online","time":"2024-06-30T14:55:02.343Z","v":0}
{"name":"Log","hostname":"c1e64106e19d","pid":1,"level":30,"version":"5.84.2","msg":"Worker for job mentions-email-report sent a message: done","time":"2024-06-30T14:55:02.351Z","v":0}
{"name":"Log","hostname":"c1e64106e19d","pid":1,"level":30,"version":"5.84.2","worker":{"resourceLimits":{"maxYoungGenerationSizeMb":48,"maxOldGenerationSizeMb":2048,"codeRangeSizeMb":0,"stackSizeMb":4},"threadId":15},"msg":"Worker for job \"mentions-email-report\" online","time":"2024-06-30T14:55:04.349Z","v":0}
{"name":"Log","hostname":"c1e64106e19d","pid":1,"level":30,"version":"5.84.2","msg":"Worker for job mentions-email-report sent a message: done","time":"2024-06-30T14:55:04.357Z","v":0}
{"name":"Log","hostname":"c1e64106e19d","pid":1,"level":30,"version":"5.84.2","worker":{"resourceLimits":{"maxYoungGenerationSizeMb":48,"maxOldGenerationSizeMb":2048,"codeRangeSizeMb":0,"stackSizeMb":4},"threadId":16},"msg":"Worker for job \"mentions-email-report\" online","time":"2024-06-30T15:55:01.809Z","v":0}
{"name":"Log","hostname":"c1e64106e19d","pid":1,"level":30,"version":"5.84.2","msg":"Worker for job mentions-email-report sent a message: done","time":"2024-06-30T15:55:01.816Z","v":0}
{"name":"Log","hostname":"c1e64106e19d","pid":1,"level":30,"version":"5.84.2","worker":{"resourceLimits":{"maxYoungGenerationSizeMb":48,"maxOldGenerationSizeMb":2048,"codeRangeSizeMb":0,"stackSizeMb":4},"threadId":17},"msg":"Worker for job \"mentions-email-report\" online","time":"2024-06-30T15:55:04.820Z","v":0}
{"name":"Log","hostname":"c1e64106e19d","pid":1,"level":30,"version":"5.84.2","msg":"Worker for job mentions-email-report sent a message: done","time":"2024-06-30T15:55:04.830Z","v":0}
